\BOOKMARK [0][-]{chapter.1}{\376\377\0001\000\040\000H\000i\000\351\000r\000a\000r\000c\000h\000i\000e\000\040\000d\000e\000\040\000r\000\351\000p\000e\000r\000t\000o\000i\000r\000e\000s}{}% 1
\BOOKMARK [1][-]{section.1.1}{\376\377\0001\000.\0001\000\040\000R\000\351\000p\000e\000r\000t\000o\000i\000r\000e\000s}{chapter.1}% 2
\BOOKMARK [0][-]{chapter.2}{\376\377\0002\000\040\000I\000n\000d\000e\000x\000\040\000d\000e\000s\000\040\000e\000s\000p\000a\000c\000e\000s\000\040\000d\000e\000\040\000n\000o\000m\000m\000a\000g\000e}{}% 3
\BOOKMARK [1][-]{section.2.1}{\376\377\0002\000.\0001\000\040\000L\000i\000s\000t\000e\000\040\000d\000e\000s\000\040\000p\000a\000q\000u\000e\000t\000a\000g\000e\000s}{chapter.2}% 4
\BOOKMARK [0][-]{chapter.3}{\376\377\0003\000\040\000I\000n\000d\000e\000x\000\040\000h\000i\000\351\000r\000a\000r\000c\000h\000i\000q\000u\000e}{}% 5
\BOOKMARK [1][-]{section.3.1}{\376\377\0003\000.\0001\000\040\000H\000i\000\351\000r\000a\000r\000c\000h\000i\000e\000\040\000d\000e\000s\000\040\000c\000l\000a\000s\000s\000e\000s}{chapter.3}% 6
\BOOKMARK [0][-]{chapter.4}{\376\377\0004\000\040\000I\000n\000d\000e\000x\000\040\000d\000e\000s\000\040\000c\000l\000a\000s\000s\000e\000s}{}% 7
\BOOKMARK [1][-]{section.4.1}{\376\377\0004\000.\0001\000\040\000L\000i\000s\000t\000e\000\040\000d\000e\000s\000\040\000c\000l\000a\000s\000s\000e\000s}{chapter.4}% 8
\BOOKMARK [0][-]{chapter.5}{\376\377\0005\000\040\000I\000n\000d\000e\000x\000\040\000d\000e\000s\000\040\000f\000i\000c\000h\000i\000e\000r\000s}{}% 9
\BOOKMARK [1][-]{section.5.1}{\376\377\0005\000.\0001\000\040\000L\000i\000s\000t\000e\000\040\000d\000e\000s\000\040\000f\000i\000c\000h\000i\000e\000r\000s}{chapter.5}% 10
\BOOKMARK [0][-]{chapter.6}{\376\377\0006\000\040\000D\000o\000c\000u\000m\000e\000n\000t\000a\000t\000i\000o\000n\000\040\000d\000e\000s\000\040\000r\000\351\000p\000e\000r\000t\000o\000i\000r\000e\000s}{}% 11
\BOOKMARK [1][-]{section.6.1}{\376\377\0006\000.\0001\000\040\000R\000\351\000p\000e\000r\000t\000o\000i\000r\000e\000\040\000d\000e\000\040\000r\000\351\000f\000\351\000r\000e\000n\000c\000e\000\040\000d\000e\000\040\000s\000r\000c\000/\000a\000p\000p\000l\000i\000c\000a\000t\000i\000o\000n}{chapter.6}% 12
\BOOKMARK [1][-]{section.6.2}{\376\377\0006\000.\0002\000\040\000R\000\351\000p\000e\000r\000t\000o\000i\000r\000e\000\040\000d\000e\000\040\000r\000\351\000f\000\351\000r\000e\000n\000c\000e\000\040\000d\000e\000\040\000s\000r\000c\000/\000d\000o\000m\000a\000i\000n\000/\000c\000a\000t\000a\000l\000o\000g}{chapter.6}% 13
\BOOKMARK [1][-]{section.6.3}{\376\377\0006\000.\0003\000\040\000R\000\351\000p\000e\000r\000t\000o\000i\000r\000e\000\040\000d\000e\000\040\000r\000\351\000f\000\351\000r\000e\000n\000c\000e\000\040\000d\000e\000\040\000s\000r\000c\000/\000d\000o\000m\000a\000i\000n}{chapter.6}% 14
\BOOKMARK [1][-]{section.6.4}{\376\377\0006\000.\0004\000\040\000R\000\351\000p\000e\000r\000t\000o\000i\000r\000e\000\040\000d\000e\000\040\000r\000\351\000f\000\351\000r\000e\000n\000c\000e\000\040\000d\000e\000\040\000s\000r\000c\000/\000i\000n\000f\000r\000a\000s\000t\000r\000u\000c\000t\000u\000r\000e}{chapter.6}% 15
\BOOKMARK [1][-]{section.6.5}{\376\377\0006\000.\0005\000\040\000R\000\351\000p\000e\000r\000t\000o\000i\000r\000e\000\040\000d\000e\000\040\000r\000\351\000f\000\351\000r\000e\000n\000c\000e\000\040\000d\000e\000\040\000s\000r\000c\000/\000a\000p\000p\000l\000i\000c\000a\000t\000i\000o\000n\000/\000p\000o\000r\000t\000s}{chapter.6}% 16
\BOOKMARK [1][-]{section.6.6}{\376\377\0006\000.\0006\000\040\000R\000\351\000p\000e\000r\000t\000o\000i\000r\000e\000\040\000d\000e\000\040\000r\000\351\000f\000\351\000r\000e\000n\000c\000e\000\040\000d\000e\000\040\000s\000r\000c\000/\000p\000r\000e\000s\000e\000n\000t\000a\000t\000i\000o\000n}{chapter.6}% 17
\BOOKMARK [1][-]{section.6.7}{\376\377\0006\000.\0007\000\040\000R\000\351\000p\000e\000r\000t\000o\000i\000r\000e\000\040\000d\000e\000\040\000r\000\351\000f\000\351\000r\000e\000n\000c\000e\000\040\000d\000e\000\040\000s\000r\000c\000/\000d\000o\000m\000a\000i\000n\000/\000p\000r\000o\000d\000u\000c\000t}{chapter.6}% 18
\BOOKMARK [1][-]{section.6.8}{\376\377\0006\000.\0008\000\040\000R\000\351\000p\000e\000r\000t\000o\000i\000r\000e\000\040\000d\000e\000\040\000r\000\351\000f\000\351\000r\000e\000n\000c\000e\000\040\000d\000e\000\040\000s\000r\000c}{chapter.6}% 19
\BOOKMARK [1][-]{section.6.9}{\376\377\0006\000.\0009\000\040\000R\000\351\000p\000e\000r\000t\000o\000i\000r\000e\000\040\000d\000e\000\040\000r\000\351\000f\000\351\000r\000e\000n\000c\000e\000\040\000d\000e\000\040\000s\000r\000c\000/\000t\000e\000s\000t}{chapter.6}% 20
\BOOKMARK [0][-]{chapter.7}{\376\377\0007\000\040\000D\000o\000c\000u\000m\000e\000n\000t\000a\000t\000i\000o\000n\000\040\000d\000e\000s\000\040\000e\000s\000p\000a\000c\000e\000s\000\040\000d\000e\000\040\000n\000o\000m\000m\000a\000g\000e}{}% 21
\BOOKMARK [1][-]{section.7.1}{\376\377\0007\000.\0001\000\040\000P\000a\000q\000u\000e\000t\000a\000g\000e\000\040\000a\000p\000p\000l\000i\000c\000a\000t\000i\000o\000n}{chapter.7}% 22
\BOOKMARK [1][-]{section.7.2}{\376\377\0007\000.\0002\000\040\000P\000a\000q\000u\000e\000t\000a\000g\000e\000\040\000a\000p\000p\000l\000i\000c\000a\000t\000i\000o\000n\000.\000p\000o\000r\000t\000s}{chapter.7}% 23
\BOOKMARK [1][-]{section.7.3}{\376\377\0007\000.\0003\000\040\000P\000a\000q\000u\000e\000t\000a\000g\000e\000\040\000d\000o\000m\000a\000i\000n\000.\000c\000a\000t\000a\000l\000o\000g}{chapter.7}% 24
\BOOKMARK [1][-]{section.7.4}{\376\377\0007\000.\0004\000\040\000P\000a\000q\000u\000e\000t\000a\000g\000e\000\040\000d\000o\000m\000a\000i\000n\000.\000p\000r\000o\000d\000u\000c\000t}{chapter.7}% 25
\BOOKMARK [1][-]{section.7.5}{\376\377\0007\000.\0005\000\040\000P\000a\000q\000u\000e\000t\000a\000g\000e\000\040\000i\000n\000f\000r\000a\000s\000t\000r\000u\000c\000t\000u\000r\000e}{chapter.7}% 26
\BOOKMARK [1][-]{section.7.6}{\376\377\0007\000.\0006\000\040\000P\000a\000q\000u\000e\000t\000a\000g\000e\000\040\000p\000r\000e\000s\000e\000n\000t\000a\000t\000i\000o\000n}{chapter.7}% 27
\BOOKMARK [1][-]{section.7.7}{\376\377\0007\000.\0007\000\040\000P\000a\000q\000u\000e\000t\000a\000g\000e\000\040\000t\000e\000s\000t}{chapter.7}% 28
\BOOKMARK [0][-]{chapter.8}{\376\377\0008\000\040\000D\000o\000c\000u\000m\000e\000n\000t\000a\000t\000i\000o\000n\000\040\000d\000e\000s\000\040\000c\000l\000a\000s\000s\000e\000s}{}% 29
\BOOKMARK [1][-]{section.8.1}{\376\377\0008\000.\0001\000\040\000R\000\351\000f\000\351\000r\000e\000n\000c\000e\000\040\000d\000e\000\040\000l\000a\000\040\000c\000l\000a\000s\000s\000e\000\040\000a\000p\000p\000l\000i\000c\000a\000t\000i\000o\000n\000.\000A\000d\000d\000P\000r\000o\000d\000u\000c\000t\000U\000s\000e\000C\000a\000s\000e}{chapter.8}% 30
\BOOKMARK [2][-]{subsection.8.1.1}{\376\377\0008\000.\0001\000.\0001\000\040\000D\000e\000s\000c\000r\000i\000p\000t\000i\000o\000n\000\040\000d\000\351\000t\000a\000i\000l\000l\000\351\000e}{section.8.1}% 31
\BOOKMARK [2][-]{subsection.8.1.2}{\376\377\0008\000.\0001\000.\0002\000\040\000D\000o\000c\000u\000m\000e\000n\000t\000a\000t\000i\000o\000n\000\040\000d\000e\000s\000\040\000c\000o\000n\000s\000t\000r\000u\000c\000t\000e\000u\000r\000s\000\040\000e\000t\000\040\000d\000e\000s\000t\000r\000u\000c\000t\000e\000u\000r}{section.8.1}% 32
\BOOKMARK [3][-]{subsubsection.8.1.2.1}{\376\377\0008\000.\0001\000.\0002\000.\0001\000\040\000A\000d\000d\000P\000r\000o\000d\000u\000c\000t\000U\000s\000e\000C\000a\000s\000e\000\050\000\051}{subsection.8.1.2}% 33
\BOOKMARK [2][-]{subsection.8.1.3}{\376\377\0008\000.\0001\000.\0003\000\040\000D\000o\000c\000u\000m\000e\000n\000t\000a\000t\000i\000o\000n\000\040\000d\000e\000s\000\040\000f\000o\000n\000c\000t\000i\000o\000n\000s\000\040\000m\000e\000m\000b\000r\000e\000s}{section.8.1}% 34
\BOOKMARK [3][-]{subsubsection.8.1.3.1}{\376\377\0008\000.\0001\000.\0003\000.\0001\000\040\000e\000x\000e\000c\000u\000t\000e\000\050\000\051}{subsection.8.1.3}% 35
\BOOKMARK [1][-]{section.8.2}{\376\377\0008\000.\0002\000\040\000R\000\351\000f\000\351\000r\000e\000n\000c\000e\000\040\000d\000e\000\040\000l\000a\000\040\000c\000l\000a\000s\000s\000e\000\040\000d\000o\000m\000a\000i\000n\000.\000c\000a\000t\000a\000l\000o\000g\000.\000B\000r\000a\000n\000d}{chapter.8}% 36
\BOOKMARK [2][-]{subsection.8.2.1}{\376\377\0008\000.\0002\000.\0001\000\040\000D\000e\000s\000c\000r\000i\000p\000t\000i\000o\000n\000\040\000d\000\351\000t\000a\000i\000l\000l\000\351\000e}{section.8.2}% 37
\BOOKMARK [2][-]{subsection.8.2.2}{\376\377\0008\000.\0002\000.\0002\000\040\000D\000o\000c\000u\000m\000e\000n\000t\000a\000t\000i\000o\000n\000\040\000d\000e\000s\000\040\000c\000o\000n\000s\000t\000r\000u\000c\000t\000e\000u\000r\000s\000\040\000e\000t\000\040\000d\000e\000s\000t\000r\000u\000c\000t\000e\000u\000r}{section.8.2}% 38
\BOOKMARK [3][-]{subsubsection.8.2.2.1}{\376\377\0008\000.\0002\000.\0002\000.\0001\000\040\000B\000r\000a\000n\000d\000\050\000\051}{subsection.8.2.2}% 39
\BOOKMARK [2][-]{subsection.8.2.3}{\376\377\0008\000.\0002\000.\0003\000\040\000D\000o\000c\000u\000m\000e\000n\000t\000a\000t\000i\000o\000n\000\040\000d\000e\000s\000\040\000f\000o\000n\000c\000t\000i\000o\000n\000s\000\040\000m\000e\000m\000b\000r\000e\000s}{section.8.2}% 40
\BOOKMARK [3][-]{subsubsection.8.2.3.1}{\376\377\0008\000.\0002\000.\0003\000.\0001\000\040\000e\000q\000u\000a\000l\000s\000\050\000\051}{subsection.8.2.3}% 41
\BOOKMARK [3][-]{subsubsection.8.2.3.2}{\376\377\0008\000.\0002\000.\0003\000.\0002\000\040\000g\000e\000t\000B\000r\000a\000n\000d\000I\000d\000\050\000\051}{subsection.8.2.3}% 42
\BOOKMARK [3][-]{subsubsection.8.2.3.3}{\376\377\0008\000.\0002\000.\0003\000.\0003\000\040\000g\000e\000t\000N\000a\000m\000e\000\050\000\051}{subsection.8.2.3}% 43
\BOOKMARK [3][-]{subsubsection.8.2.3.4}{\376\377\0008\000.\0002\000.\0003\000.\0004\000\040\000h\000a\000s\000h\000C\000o\000d\000e\000\050\000\051}{subsection.8.2.3}% 44
\BOOKMARK [3][-]{subsubsection.8.2.3.5}{\376\377\0008\000.\0002\000.\0003\000.\0005\000\040\000t\000o\000S\000t\000r\000i\000n\000g\000\050\000\051}{subsection.8.2.3}% 45
\BOOKMARK [1][-]{section.8.3}{\376\377\0008\000.\0003\000\040\000R\000\351\000f\000\351\000r\000e\000n\000c\000e\000\040\000d\000e\000\040\000l\000a\000\040\000c\000l\000a\000s\000s\000e\000\040\000d\000o\000m\000a\000i\000n\000.\000c\000a\000t\000a\000l\000o\000g\000.\000C\000a\000t\000a\000l\000o\000g}{chapter.8}% 46
\BOOKMARK [2][-]{subsection.8.3.1}{\376\377\0008\000.\0003\000.\0001\000\040\000D\000e\000s\000c\000r\000i\000p\000t\000i\000o\000n\000\040\000d\000\351\000t\000a\000i\000l\000l\000\351\000e}{section.8.3}% 47
\BOOKMARK [2][-]{subsection.8.3.2}{\376\377\0008\000.\0003\000.\0002\000\040\000D\000o\000c\000u\000m\000e\000n\000t\000a\000t\000i\000o\000n\000\040\000d\000e\000s\000\040\000f\000o\000n\000c\000t\000i\000o\000n\000s\000\040\000m\000e\000m\000b\000r\000e\000s}{section.8.3}% 48
\BOOKMARK [3][-]{subsubsection.8.3.2.1}{\376\377\0008\000.\0003\000.\0002\000.\0001\000\040\000c\000r\000e\000a\000t\000e\000B\000r\000a\000n\000d\000\050\000\051}{subsection.8.3.2}% 49
\BOOKMARK [3][-]{subsubsection.8.3.2.2}{\376\377\0008\000.\0003\000.\0002\000.\0002\000\040\000c\000r\000e\000a\000t\000e\000P\000r\000o\000d\000u\000c\000t\000L\000i\000n\000e\000\050\000\051}{subsection.8.3.2}% 50
\BOOKMARK [3][-]{subsubsection.8.3.2.3}{\376\377\0008\000.\0003\000.\0002\000.\0003\000\040\000f\000i\000n\000d\000B\000r\000a\000n\000d\000B\000y\000I\000d\000\050\000\051}{subsection.8.3.2}% 51
\BOOKMARK [3][-]{subsubsection.8.3.2.4}{\376\377\0008\000.\0003\000.\0002\000.\0004\000\040\000f\000i\000n\000d\000L\000i\000n\000e\000s\000B\000y\000B\000r\000a\000n\000d\000\050\000\051}{subsection.8.3.2}% 52
\BOOKMARK [3][-]{subsubsection.8.3.2.5}{\376\377\0008\000.\0003\000.\0002\000.\0005\000\040\000f\000i\000n\000d\000P\000r\000o\000d\000u\000c\000t\000L\000i\000n\000e\000B\000y\000I\000d\000\050\000\051}{subsection.8.3.2}% 53
\BOOKMARK [3][-]{subsubsection.8.3.2.6}{\376\377\0008\000.\0003\000.\0002\000.\0006\000\040\000g\000e\000t\000A\000l\000l\000B\000r\000a\000n\000d\000s\000\050\000\051}{subsection.8.3.2}% 54
\BOOKMARK [3][-]{subsubsection.8.3.2.7}{\376\377\0008\000.\0003\000.\0002\000.\0007\000\040\000g\000e\000t\000A\000l\000l\000P\000r\000o\000d\000u\000c\000t\000L\000i\000n\000e\000s\000\050\000\051}{subsection.8.3.2}% 55
\BOOKMARK [1][-]{section.8.4}{\376\377\0008\000.\0004\000\040\000R\000\351\000f\000\351\000r\000e\000n\000c\000e\000\040\000d\000e\000\040\000l\000a\000\040\000c\000l\000a\000s\000s\000e\000\040\000p\000r\000e\000s\000e\000n\000t\000a\000t\000i\000o\000n\000.\000C\000o\000n\000s\000o\000l\000e\000I\000n\000t\000e\000r\000f\000a\000c\000e}{chapter.8}% 56
\BOOKMARK [2][-]{subsection.8.4.1}{\376\377\0008\000.\0004\000.\0001\000\040\000D\000e\000s\000c\000r\000i\000p\000t\000i\000o\000n\000\040\000d\000\351\000t\000a\000i\000l\000l\000\351\000e}{section.8.4}% 57
\BOOKMARK [2][-]{subsection.8.4.2}{\376\377\0008\000.\0004\000.\0002\000\040\000D\000o\000c\000u\000m\000e\000n\000t\000a\000t\000i\000o\000n\000\040\000d\000e\000s\000\040\000f\000o\000n\000c\000t\000i\000o\000n\000s\000\040\000m\000e\000m\000b\000r\000e\000s}{section.8.4}% 58
\BOOKMARK [3][-]{subsubsection.8.4.2.1}{\376\377\0008\000.\0004\000.\0002\000.\0001\000\040\000s\000t\000a\000r\000t\000\050\000\051}{subsection.8.4.2}% 59
\BOOKMARK [1][-]{section.8.5}{\376\377\0008\000.\0005\000\040\000R\000\351\000f\000\351\000r\000e\000n\000c\000e\000\040\000d\000e\000\040\000l\000a\000\040\000c\000l\000a\000s\000s\000e\000\040\000d\000o\000m\000a\000i\000n\000.\000p\000r\000o\000d\000u\000c\000t\000.\000C\000o\000n\000t\000a\000i\000n\000e\000r\000P\000r\000o\000d\000u\000c\000t}{chapter.8}% 60
\BOOKMARK [2][-]{subsection.8.5.1}{\376\377\0008\000.\0005\000.\0001\000\040\000D\000e\000s\000c\000r\000i\000p\000t\000i\000o\000n\000\040\000d\000\351\000t\000a\000i\000l\000l\000\351\000e}{section.8.5}% 61
\BOOKMARK [2][-]{subsection.8.5.2}{\376\377\0008\000.\0005\000.\0002\000\040\000D\000o\000c\000u\000m\000e\000n\000t\000a\000t\000i\000o\000n\000\040\000d\000e\000s\000\040\000c\000o\000n\000s\000t\000r\000u\000c\000t\000e\000u\000r\000s\000\040\000e\000t\000\040\000d\000e\000s\000t\000r\000u\000c\000t\000e\000u\000r}{section.8.5}% 62
\BOOKMARK [3][-]{subsubsection.8.5.2.1}{\376\377\0008\000.\0005\000.\0002\000.\0001\000\040\000C\000o\000n\000t\000a\000i\000n\000e\000r\000P\000r\000o\000d\000u\000c\000t\000\050\000\051}{subsection.8.5.2}% 63
\BOOKMARK [2][-]{subsection.8.5.3}{\376\377\0008\000.\0005\000.\0003\000\040\000D\000o\000c\000u\000m\000e\000n\000t\000a\000t\000i\000o\000n\000\040\000d\000e\000s\000\040\000f\000o\000n\000c\000t\000i\000o\000n\000s\000\040\000m\000e\000m\000b\000r\000e\000s}{section.8.5}% 64
\BOOKMARK [3][-]{subsubsection.8.5.3.1}{\376\377\0008\000.\0005\000.\0003\000.\0001\000\040\000g\000e\000t\000C\000o\000n\000t\000a\000i\000n\000e\000d\000P\000r\000o\000d\000u\000c\000t\000\050\000\051}{subsection.8.5.3}% 65
\BOOKMARK [3][-]{subsubsection.8.5.3.2}{\376\377\0008\000.\0005\000.\0003\000.\0002\000\040\000g\000e\000t\000C\000o\000n\000t\000a\000i\000n\000e\000d\000Q\000u\000a\000n\000t\000i\000t\000y\000\050\000\051}{subsection.8.5.3}% 66
\BOOKMARK [1][-]{section.8.6}{\376\377\0008\000.\0006\000\040\000R\000\351\000f\000\351\000r\000e\000n\000c\000e\000\040\000d\000e\000\040\000l\000a\000\040\000c\000l\000a\000s\000s\000e\000\040\000a\000p\000p\000l\000i\000c\000a\000t\000i\000o\000n\000.\000D\000e\000l\000e\000t\000e\000P\000r\000o\000d\000u\000c\000t\000U\000s\000e\000C\000a\000s\000e}{chapter.8}% 67
\BOOKMARK [2][-]{subsection.8.6.1}{\376\377\0008\000.\0006\000.\0001\000\040\000D\000e\000s\000c\000r\000i\000p\000t\000i\000o\000n\000\040\000d\000\351\000t\000a\000i\000l\000l\000\351\000e}{section.8.6}% 68
\BOOKMARK [2][-]{subsection.8.6.2}{\376\377\0008\000.\0006\000.\0002\000\040\000D\000o\000c\000u\000m\000e\000n\000t\000a\000t\000i\000o\000n\000\040\000d\000e\000s\000\040\000c\000o\000n\000s\000t\000r\000u\000c\000t\000e\000u\000r\000s\000\040\000e\000t\000\040\000d\000e\000s\000t\000r\000u\000c\000t\000e\000u\000r}{section.8.6}% 69
\BOOKMARK [3][-]{subsubsection.8.6.2.1}{\376\377\0008\000.\0006\000.\0002\000.\0001\000\040\000D\000e\000l\000e\000t\000e\000P\000r\000o\000d\000u\000c\000t\000U\000s\000e\000C\000a\000s\000e\000\050\000\051}{subsection.8.6.2}% 70
\BOOKMARK [2][-]{subsection.8.6.3}{\376\377\0008\000.\0006\000.\0003\000\040\000D\000o\000c\000u\000m\000e\000n\000t\000a\000t\000i\000o\000n\000\040\000d\000e\000s\000\040\000f\000o\000n\000c\000t\000i\000o\000n\000s\000\040\000m\000e\000m\000b\000r\000e\000s}{section.8.6}% 71
\BOOKMARK [3][-]{subsubsection.8.6.3.1}{\376\377\0008\000.\0006\000.\0003\000.\0001\000\040\000e\000x\000e\000c\000u\000t\000e\000\050\000\051}{subsection.8.6.3}% 72
\BOOKMARK [1][-]{section.8.7}{\376\377\0008\000.\0007\000\040\000R\000\351\000f\000\351\000r\000e\000n\000c\000e\000\040\000d\000e\000\040\000l\000a\000\040\000c\000l\000a\000s\000s\000e\000\040\000i\000n\000f\000r\000a\000s\000t\000r\000u\000c\000t\000u\000r\000e\000.\000I\000n\000M\000e\000m\000o\000r\000y\000P\000r\000o\000d\000u\000c\000t\000R\000e\000p\000o\000s\000i\000t\000o\000r\000y}{chapter.8}% 73
\BOOKMARK [2][-]{subsection.8.7.1}{\376\377\0008\000.\0007\000.\0001\000\040\000D\000e\000s\000c\000r\000i\000p\000t\000i\000o\000n\000\040\000d\000\351\000t\000a\000i\000l\000l\000\351\000e}{section.8.7}% 74
\BOOKMARK [2][-]{subsection.8.7.2}{\376\377\0008\000.\0007\000.\0002\000\040\000D\000o\000c\000u\000m\000e\000n\000t\000a\000t\000i\000o\000n\000\040\000d\000e\000s\000\040\000f\000o\000n\000c\000t\000i\000o\000n\000s\000\040\000m\000e\000m\000b\000r\000e\000s}{section.8.7}% 75
\BOOKMARK [3][-]{subsubsection.8.7.2.1}{\376\377\0008\000.\0007\000.\0002\000.\0001\000\040\000d\000e\000l\000e\000t\000e\000B\000y\000I\000d\000\050\000\051}{subsection.8.7.2}% 76
\BOOKMARK [3][-]{subsubsection.8.7.2.2}{\376\377\0008\000.\0007\000.\0002\000.\0002\000\040\000e\000x\000i\000s\000t\000s\000B\000y\000I\000d\000\050\000\051}{subsection.8.7.2}% 77
\BOOKMARK [3][-]{subsubsection.8.7.2.3}{\376\377\0008\000.\0007\000.\0002\000.\0003\000\040\000f\000i\000n\000d\000A\000l\000l\000\050\000\051}{subsection.8.7.2}% 78
\BOOKMARK [3][-]{subsubsection.8.7.2.4}{\376\377\0008\000.\0007\000.\0002\000.\0004\000\040\000f\000i\000n\000d\000B\000y\000I\000d\000\050\000\051}{subsection.8.7.2}% 79
\BOOKMARK [3][-]{subsubsection.8.7.2.5}{\376\377\0008\000.\0007\000.\0002\000.\0005\000\040\000s\000a\000v\000e\000\050\000\051}{subsection.8.7.2}% 80
\BOOKMARK [3][-]{subsubsection.8.7.2.6}{\376\377\0008\000.\0007\000.\0002\000.\0006\000\040\000s\000e\000a\000r\000c\000h\000\050\000\051}{subsection.8.7.2}% 81
\BOOKMARK [1][-]{section.8.8}{\376\377\0008\000.\0008\000\040\000R\000\351\000f\000\351\000r\000e\000n\000c\000e\000\040\000d\000e\000\040\000l\000a\000\040\000c\000l\000a\000s\000s\000e\000\040\000M\000a\000i\000n}{chapter.8}% 82
\BOOKMARK [2][-]{subsection.8.8.1}{\376\377\0008\000.\0008\000.\0001\000\040\000D\000e\000s\000c\000r\000i\000p\000t\000i\000o\000n\000\040\000d\000\351\000t\000a\000i\000l\000l\000\351\000e}{section.8.8}% 83
\BOOKMARK [2][-]{subsection.8.8.2}{\376\377\0008\000.\0008\000.\0002\000\040\000D\000o\000c\000u\000m\000e\000n\000t\000a\000t\000i\000o\000n\000\040\000d\000e\000s\000\040\000f\000o\000n\000c\000t\000i\000o\000n\000s\000\040\000m\000e\000m\000b\000r\000e\000s}{section.8.8}% 84
\BOOKMARK [3][-]{subsubsection.8.8.2.1}{\376\377\0008\000.\0008\000.\0002\000.\0001\000\040\000m\000a\000i\000n\000\050\000\051}{subsection.8.8.2}% 85
\BOOKMARK [1][-]{section.8.9}{\376\377\0008\000.\0009\000\040\000a\000p\000p\000l\000i\000c\000a\000t\000i\000o\000n\000.\000S\000e\000a\000r\000c\000h\000P\000r\000o\000d\000u\000c\000t\000U\000s\000e\000C\000a\000s\000e\000.\000M\000o\000d\000e\000\040\000R\000\351\000f\000\351\000r\000e\000n\000c\000e\000\040\000d\000e\000\040\000l\000\047\000\351\000n\000u\000m\000\351\000r\000a\000t\000i\000o\000n}{chapter.8}% 86
\BOOKMARK [2][-]{subsection.8.9.1}{\376\377\0008\000.\0009\000.\0001\000\040\000D\000e\000s\000c\000r\000i\000p\000t\000i\000o\000n\000\040\000d\000\351\000t\000a\000i\000l\000l\000\351\000e}{section.8.9}% 87
\BOOKMARK [2][-]{subsection.8.9.2}{\376\377\0008\000.\0009\000.\0002\000\040\000D\000o\000c\000u\000m\000e\000n\000t\000a\000t\000i\000o\000n\000\040\000d\000e\000s\000\040\000d\000o\000n\000n\000\351\000e\000s\000\040\000m\000e\000m\000b\000r\000e\000s}{section.8.9}% 88
\BOOKMARK [3][-]{subsubsection.8.9.2.1}{\376\377\0008\000.\0009\000.\0002\000.\0001\000\040\000B\000O\000T\000H}{subsection.8.9.2}% 89
\BOOKMARK [3][-]{subsubsection.8.9.2.2}{\376\377\0008\000.\0009\000.\0002\000.\0002\000\040\000I\000D}{subsection.8.9.2}% 90
\BOOKMARK [3][-]{subsubsection.8.9.2.3}{\376\377\0008\000.\0009\000.\0002\000.\0003\000\040\000N\000A\000M\000E}{subsection.8.9.2}% 91
\BOOKMARK [1][-]{section.8.10}{\376\377\0008\000.\0001\0000\000\040\000R\000\351\000f\000\351\000r\000e\000n\000c\000e\000\040\000d\000e\000\040\000l\000a\000\040\000c\000l\000a\000s\000s\000e\000\040\000d\000o\000m\000a\000i\000n\000.\000p\000r\000o\000d\000u\000c\000t\000.\000P\000r\000o\000d\000u\000c\000t}{chapter.8}% 92
\BOOKMARK [2][-]{subsection.8.10.1}{\376\377\0008\000.\0001\0000\000.\0001\000\040\000D\000e\000s\000c\000r\000i\000p\000t\000i\000o\000n\000\040\000d\000\351\000t\000a\000i\000l\000l\000\351\000e}{section.8.10}% 93
\BOOKMARK [2][-]{subsection.8.10.2}{\376\377\0008\000.\0001\0000\000.\0002\000\040\000D\000o\000c\000u\000m\000e\000n\000t\000a\000t\000i\000o\000n\000\040\000d\000e\000s\000\040\000c\000o\000n\000s\000t\000r\000u\000c\000t\000e\000u\000r\000s\000\040\000e\000t\000\040\000d\000e\000s\000t\000r\000u\000c\000t\000e\000u\000r}{section.8.10}% 94
\BOOKMARK [3][-]{subsubsection.8.10.2.1}{\376\377\0008\000.\0001\0000\000.\0002\000.\0001\000\040\000P\000r\000o\000d\000u\000c\000t\000\050\000\051}{subsection.8.10.2}% 95
\BOOKMARK [2][-]{subsection.8.10.3}{\376\377\0008\000.\0001\0000\000.\0003\000\040\000D\000o\000c\000u\000m\000e\000n\000t\000a\000t\000i\000o\000n\000\040\000d\000e\000s\000\040\000f\000o\000n\000c\000t\000i\000o\000n\000s\000\040\000m\000e\000m\000b\000r\000e\000s}{section.8.10}% 96
\BOOKMARK [3][-]{subsubsection.8.10.3.1}{\376\377\0008\000.\0001\0000\000.\0003\000.\0001\000\040\000g\000e\000t\000B\000r\000a\000n\000d\000\050\000\051}{subsection.8.10.3}% 97
\BOOKMARK [3][-]{subsubsection.8.10.3.2}{\376\377\0008\000.\0001\0000\000.\0003\000.\0002\000\040\000g\000e\000t\000N\000a\000m\000e\000\050\000\051}{subsection.8.10.3}% 98
\BOOKMARK [3][-]{subsubsection.8.10.3.3}{\376\377\0008\000.\0001\0000\000.\0003\000.\0003\000\040\000g\000e\000t\000P\000r\000i\000c\000e\000\050\000\051}{subsection.8.10.3}% 99
\BOOKMARK [3][-]{subsubsection.8.10.3.4}{\376\377\0008\000.\0001\0000\000.\0003\000.\0004\000\040\000g\000e\000t\000P\000r\000o\000d\000u\000c\000t\000I\000d\000\050\000\051}{subsection.8.10.3}% 100
\BOOKMARK [3][-]{subsubsection.8.10.3.5}{\376\377\0008\000.\0001\0000\000.\0003\000.\0005\000\040\000g\000e\000t\000P\000r\000o\000d\000u\000c\000t\000L\000i\000n\000e\000\050\000\051}{subsection.8.10.3}% 101
\BOOKMARK [3][-]{subsubsection.8.10.3.6}{\376\377\0008\000.\0001\0000\000.\0003\000.\0006\000\040\000g\000e\000t\000S\000t\000o\000c\000k\000\050\000\051}{subsection.8.10.3}% 102
\BOOKMARK [3][-]{subsubsection.8.10.3.7}{\376\377\0008\000.\0001\0000\000.\0003\000.\0007\000\040\000t\000o\000S\000t\000r\000i\000n\000g\000\050\000\051}{subsection.8.10.3}% 103
\BOOKMARK [1][-]{section.8.11}{\376\377\0008\000.\0001\0001\000\040\000R\000\351\000f\000\351\000r\000e\000n\000c\000e\000\040\000d\000e\000\040\000l\000a\000\040\000c\000l\000a\000s\000s\000e\000\040\000i\000n\000f\000r\000a\000s\000t\000r\000u\000c\000t\000u\000r\000e\000.\000P\000r\000o\000d\000u\000c\000t\000I\000d\000G\000e\000n\000e\000r\000a\000t\000o\000r}{chapter.8}% 104
\BOOKMARK [2][-]{subsection.8.11.1}{\376\377\0008\000.\0001\0001\000.\0001\000\040\000D\000e\000s\000c\000r\000i\000p\000t\000i\000o\000n\000\040\000d\000\351\000t\000a\000i\000l\000l\000\351\000e}{section.8.11}% 105
\BOOKMARK [2][-]{subsection.8.11.2}{\376\377\0008\000.\0001\0001\000.\0002\000\040\000D\000o\000c\000u\000m\000e\000n\000t\000a\000t\000i\000o\000n\000\040\000d\000e\000s\000\040\000f\000o\000n\000c\000t\000i\000o\000n\000s\000\040\000m\000e\000m\000b\000r\000e\000s}{section.8.11}% 106
\BOOKMARK [3][-]{subsubsection.8.11.2.1}{\376\377\0008\000.\0001\0001\000.\0002\000.\0001\000\040\000g\000e\000n\000e\000r\000a\000t\000e\000I\000d\000\050\000\051}{subsection.8.11.2}% 107
\BOOKMARK [3][-]{subsubsection.8.11.2.2}{\376\377\0008\000.\0001\0001\000.\0002\000.\0002\000\040\000i\000n\000i\000t\000i\000a\000l\000i\000z\000e\000F\000r\000o\000m\000\050\000\051}{subsection.8.11.2}% 108
\BOOKMARK [1][-]{section.8.12}{\376\377\0008\000.\0001\0002\000\040\000R\000\351\000f\000\351\000r\000e\000n\000c\000e\000\040\000d\000e\000\040\000l\000a\000\040\000c\000l\000a\000s\000s\000e\000\040\000d\000o\000m\000a\000i\000n\000.\000c\000a\000t\000a\000l\000o\000g\000.\000P\000r\000o\000d\000u\000c\000t\000L\000i\000n\000e}{chapter.8}% 109
\BOOKMARK [2][-]{subsection.8.12.1}{\376\377\0008\000.\0001\0002\000.\0001\000\040\000D\000e\000s\000c\000r\000i\000p\000t\000i\000o\000n\000\040\000d\000\351\000t\000a\000i\000l\000l\000\351\000e}{section.8.12}% 110
\BOOKMARK [2][-]{subsection.8.12.2}{\376\377\0008\000.\0001\0002\000.\0002\000\040\000D\000o\000c\000u\000m\000e\000n\000t\000a\000t\000i\000o\000n\000\040\000d\000e\000s\000\040\000c\000o\000n\000s\000t\000r\000u\000c\000t\000e\000u\000r\000s\000\040\000e\000t\000\040\000d\000e\000s\000t\000r\000u\000c\000t\000e\000u\000r}{section.8.12}% 111
\BOOKMARK [3][-]{subsubsection.8.12.2.1}{\376\377\0008\000.\0001\0002\000.\0002\000.\0001\000\040\000P\000r\000o\000d\000u\000c\000t\000L\000i\000n\000e\000\050\000\051}{subsection.8.12.2}% 112
\BOOKMARK [2][-]{subsection.8.12.3}{\376\377\0008\000.\0001\0002\000.\0003\000\040\000D\000o\000c\000u\000m\000e\000n\000t\000a\000t\000i\000o\000n\000\040\000d\000e\000s\000\040\000f\000o\000n\000c\000t\000i\000o\000n\000s\000\040\000m\000e\000m\000b\000r\000e\000s}{section.8.12}% 113
\BOOKMARK [3][-]{subsubsection.8.12.3.1}{\376\377\0008\000.\0001\0002\000.\0003\000.\0001\000\040\000e\000q\000u\000a\000l\000s\000\050\000\051}{subsection.8.12.3}% 114
\BOOKMARK [3][-]{subsubsection.8.12.3.2}{\376\377\0008\000.\0001\0002\000.\0003\000.\0002\000\040\000g\000e\000t\000B\000r\000a\000n\000d\000\050\000\051}{subsection.8.12.3}% 115
\BOOKMARK [3][-]{subsubsection.8.12.3.3}{\376\377\0008\000.\0001\0002\000.\0003\000.\0003\000\040\000g\000e\000t\000L\000i\000n\000e\000I\000d\000\050\000\051}{subsection.8.12.3}% 116
\BOOKMARK [3][-]{subsubsection.8.12.3.4}{\376\377\0008\000.\0001\0002\000.\0003\000.\0004\000\040\000g\000e\000t\000N\000a\000m\000e\000\050\000\051}{subsection.8.12.3}% 117
\BOOKMARK [3][-]{subsubsection.8.12.3.5}{\376\377\0008\000.\0001\0002\000.\0003\000.\0005\000\040\000h\000a\000s\000h\000C\000o\000d\000e\000\050\000\051}{subsection.8.12.3}% 118
\BOOKMARK [3][-]{subsubsection.8.12.3.6}{\376\377\0008\000.\0001\0002\000.\0003\000.\0006\000\040\000t\000o\000S\000t\000r\000i\000n\000g\000\050\000\051}{subsection.8.12.3}% 119
\BOOKMARK [1][-]{section.8.13}{\376\377\0008\000.\0001\0003\000\040\000R\000\351\000f\000\351\000r\000e\000n\000c\000e\000\040\000d\000e\000\040\000l\000\047\000i\000n\000t\000e\000r\000f\000a\000c\000e\000\040\000a\000p\000p\000l\000i\000c\000a\000t\000i\000o\000n\000.\000p\000o\000r\000t\000s\000.\000P\000r\000o\000d\000u\000c\000t\000R\000e\000p\000o\000s\000i\000t\000o\000r\000y}{chapter.8}% 120
\BOOKMARK [2][-]{subsection.8.13.1}{\376\377\0008\000.\0001\0003\000.\0001\000\040\000D\000e\000s\000c\000r\000i\000p\000t\000i\000o\000n\000\040\000d\000\351\000t\000a\000i\000l\000l\000\351\000e}{section.8.13}% 121
\BOOKMARK [2][-]{subsection.8.13.2}{\376\377\0008\000.\0001\0003\000.\0002\000\040\000D\000o\000c\000u\000m\000e\000n\000t\000a\000t\000i\000o\000n\000\040\000d\000e\000s\000\040\000f\000o\000n\000c\000t\000i\000o\000n\000s\000\040\000m\000e\000m\000b\000r\000e\000s}{section.8.13}% 122
\BOOKMARK [3][-]{subsubsection.8.13.2.1}{\376\377\0008\000.\0001\0003\000.\0002\000.\0001\000\040\000d\000e\000l\000e\000t\000e\000B\000y\000I\000d\000\050\000\051}{subsection.8.13.2}% 123
\BOOKMARK [3][-]{subsubsection.8.13.2.2}{\376\377\0008\000.\0001\0003\000.\0002\000.\0002\000\040\000e\000x\000i\000s\000t\000s\000B\000y\000I\000d\000\050\000\051}{subsection.8.13.2}% 124
\BOOKMARK [3][-]{subsubsection.8.13.2.3}{\376\377\0008\000.\0001\0003\000.\0002\000.\0003\000\040\000f\000i\000n\000d\000A\000l\000l\000\050\000\051}{subsection.8.13.2}% 125
\BOOKMARK [3][-]{subsubsection.8.13.2.4}{\376\377\0008\000.\0001\0003\000.\0002\000.\0004\000\040\000f\000i\000n\000d\000B\000y\000I\000d\000\050\000\051}{subsection.8.13.2}% 126
\BOOKMARK [3][-]{subsubsection.8.13.2.5}{\376\377\0008\000.\0001\0003\000.\0002\000.\0005\000\040\000s\000a\000v\000e\000\050\000\051}{subsection.8.13.2}% 127
\BOOKMARK [3][-]{subsubsection.8.13.2.6}{\376\377\0008\000.\0001\0003\000.\0002\000.\0006\000\040\000s\000e\000a\000r\000c\000h\000\050\000\051}{subsection.8.13.2}% 128
\BOOKMARK [1][-]{section.8.14}{\376\377\0008\000.\0001\0004\000\040\000R\000\351\000f\000\351\000r\000e\000n\000c\000e\000\040\000d\000e\000\040\000l\000a\000\040\000c\000l\000a\000s\000s\000e\000\040\000a\000p\000p\000l\000i\000c\000a\000t\000i\000o\000n\000.\000S\000e\000a\000r\000c\000h\000P\000r\000o\000d\000u\000c\000t\000U\000s\000e\000C\000a\000s\000e}{chapter.8}% 129
\BOOKMARK [2][-]{subsection.8.14.1}{\376\377\0008\000.\0001\0004\000.\0001\000\040\000D\000e\000s\000c\000r\000i\000p\000t\000i\000o\000n\000\040\000d\000\351\000t\000a\000i\000l\000l\000\351\000e}{section.8.14}% 130
\BOOKMARK [2][-]{subsection.8.14.2}{\376\377\0008\000.\0001\0004\000.\0002\000\040\000D\000o\000c\000u\000m\000e\000n\000t\000a\000t\000i\000o\000n\000\040\000d\000e\000s\000\040\000c\000o\000n\000s\000t\000r\000u\000c\000t\000e\000u\000r\000s\000\040\000e\000t\000\040\000d\000e\000s\000t\000r\000u\000c\000t\000e\000u\000r}{section.8.14}% 131
\BOOKMARK [3][-]{subsubsection.8.14.2.1}{\376\377\0008\000.\0001\0004\000.\0002\000.\0001\000\040\000S\000e\000a\000r\000c\000h\000P\000r\000o\000d\000u\000c\000t\000U\000s\000e\000C\000a\000s\000e\000\050\000\051}{subsection.8.14.2}% 132
\BOOKMARK [2][-]{subsection.8.14.3}{\376\377\0008\000.\0001\0004\000.\0003\000\040\000D\000o\000c\000u\000m\000e\000n\000t\000a\000t\000i\000o\000n\000\040\000d\000e\000s\000\040\000f\000o\000n\000c\000t\000i\000o\000n\000s\000\040\000m\000e\000m\000b\000r\000e\000s}{section.8.14}% 133
\BOOKMARK [3][-]{subsubsection.8.14.3.1}{\376\377\0008\000.\0001\0004\000.\0003\000.\0001\000\040\000e\000x\000e\000c\000u\000t\000e\000\050\000\051}{subsection.8.14.3}% 134
\BOOKMARK [1][-]{section.8.15}{\376\377\0008\000.\0001\0005\000\040\000R\000\351\000f\000\351\000r\000e\000n\000c\000e\000\040\000d\000e\000\040\000l\000a\000\040\000c\000l\000a\000s\000s\000e\000\040\000a\000p\000p\000l\000i\000c\000a\000t\000i\000o\000n\000.\000S\000e\000l\000l\000P\000r\000o\000d\000u\000c\000t\000U\000s\000e\000C\000a\000s\000e}{chapter.8}% 135
\BOOKMARK [2][-]{subsection.8.15.1}{\376\377\0008\000.\0001\0005\000.\0001\000\040\000D\000e\000s\000c\000r\000i\000p\000t\000i\000o\000n\000\040\000d\000\351\000t\000a\000i\000l\000l\000\351\000e}{section.8.15}% 136
\BOOKMARK [2][-]{subsection.8.15.2}{\376\377\0008\000.\0001\0005\000.\0002\000\040\000D\000o\000c\000u\000m\000e\000n\000t\000a\000t\000i\000o\000n\000\040\000d\000e\000s\000\040\000c\000o\000n\000s\000t\000r\000u\000c\000t\000e\000u\000r\000s\000\040\000e\000t\000\040\000d\000e\000s\000t\000r\000u\000c\000t\000e\000u\000r}{section.8.15}% 137
\BOOKMARK [3][-]{subsubsection.8.15.2.1}{\376\377\0008\000.\0001\0005\000.\0002\000.\0001\000\040\000S\000e\000l\000l\000P\000r\000o\000d\000u\000c\000t\000U\000s\000e\000C\000a\000s\000e\000\050\000\051}{subsection.8.15.2}% 138
\BOOKMARK [2][-]{subsection.8.15.3}{\376\377\0008\000.\0001\0005\000.\0003\000\040\000D\000o\000c\000u\000m\000e\000n\000t\000a\000t\000i\000o\000n\000\040\000d\000e\000s\000\040\000f\000o\000n\000c\000t\000i\000o\000n\000s\000\040\000m\000e\000m\000b\000r\000e\000s}{section.8.15}% 139
\BOOKMARK [3][-]{subsubsection.8.15.3.1}{\376\377\0008\000.\0001\0005\000.\0003\000.\0001\000\040\000e\000x\000e\000c\000u\000t\000e\000\050\000\051}{subsection.8.15.3}% 140
\BOOKMARK [1][-]{section.8.16}{\376\377\0008\000.\0001\0006\000\040\000R\000\351\000f\000\351\000r\000e\000n\000c\000e\000\040\000d\000e\000\040\000l\000a\000\040\000c\000l\000a\000s\000s\000e\000\040\000d\000o\000m\000a\000i\000n\000.\000p\000r\000o\000d\000u\000c\000t\000.\000S\000i\000m\000p\000l\000e\000P\000r\000o\000d\000u\000c\000t}{chapter.8}% 141
\BOOKMARK [2][-]{subsection.8.16.1}{\376\377\0008\000.\0001\0006\000.\0001\000\040\000D\000e\000s\000c\000r\000i\000p\000t\000i\000o\000n\000\040\000d\000\351\000t\000a\000i\000l\000l\000\351\000e}{section.8.16}% 142
\BOOKMARK [2][-]{subsection.8.16.2}{\376\377\0008\000.\0001\0006\000.\0002\000\040\000D\000o\000c\000u\000m\000e\000n\000t\000a\000t\000i\000o\000n\000\040\000d\000e\000s\000\040\000c\000o\000n\000s\000t\000r\000u\000c\000t\000e\000u\000r\000s\000\040\000e\000t\000\040\000d\000e\000s\000t\000r\000u\000c\000t\000e\000u\000r}{section.8.16}% 143
\BOOKMARK [3][-]{subsubsection.8.16.2.1}{\376\377\0008\000.\0001\0006\000.\0002\000.\0001\000\040\000S\000i\000m\000p\000l\000e\000P\000r\000o\000d\000u\000c\000t\000\050\000\051}{subsection.8.16.2}% 144
\BOOKMARK [1][-]{section.8.17}{\376\377\0008\000.\0001\0007\000\040\000R\000\351\000f\000\351\000r\000e\000n\000c\000e\000\040\000d\000e\000\040\000l\000a\000\040\000c\000l\000a\000s\000s\000e\000\040\000a\000p\000p\000l\000i\000c\000a\000t\000i\000o\000n\000.\000S\000o\000r\000t\000P\000r\000o\000d\000u\000c\000t\000s\000U\000s\000e\000C\000a\000s\000e}{chapter.8}% 145
\BOOKMARK [2][-]{subsection.8.17.1}{\376\377\0008\000.\0001\0007\000.\0001\000\040\000D\000e\000s\000c\000r\000i\000p\000t\000i\000o\000n\000\040\000d\000\351\000t\000a\000i\000l\000l\000\351\000e}{section.8.17}% 146
\BOOKMARK [2][-]{subsection.8.17.2}{\376\377\0008\000.\0001\0007\000.\0002\000\040\000D\000o\000c\000u\000m\000e\000n\000t\000a\000t\000i\000o\000n\000\040\000d\000e\000s\000\040\000c\000o\000n\000s\000t\000r\000u\000c\000t\000e\000u\000r\000s\000\040\000e\000t\000\040\000d\000e\000s\000t\000r\000u\000c\000t\000e\000u\000r}{section.8.17}% 147
\BOOKMARK [3][-]{subsubsection.8.17.2.1}{\376\377\0008\000.\0001\0007\000.\0002\000.\0001\000\040\000S\000o\000r\000t\000P\000r\000o\000d\000u\000c\000t\000s\000U\000s\000e\000C\000a\000s\000e\000\050\000\051}{subsection.8.17.2}% 148
\BOOKMARK [2][-]{subsection.8.17.3}{\376\377\0008\000.\0001\0007\000.\0003\000\040\000D\000o\000c\000u\000m\000e\000n\000t\000a\000t\000i\000o\000n\000\040\000d\000e\000s\000\040\000f\000o\000n\000c\000t\000i\000o\000n\000s\000\040\000m\000e\000m\000b\000r\000e\000s}{section.8.17}% 149
\BOOKMARK [3][-]{subsubsection.8.17.3.1}{\376\377\0008\000.\0001\0007\000.\0003\000.\0001\000\040\000s\000o\000r\000t\000B\000y\000P\000r\000i\000c\000e\000\050\000\051}{subsection.8.17.3}% 150
\BOOKMARK [3][-]{subsubsection.8.17.3.2}{\376\377\0008\000.\0001\0007\000.\0003\000.\0002\000\040\000s\000o\000r\000t\000B\000y\000P\000r\000i\000c\000e\000S\000e\000l\000e\000c\000t\000i\000o\000n\000S\000o\000r\000t\000\050\000\051}{subsection.8.17.3}% 151
\BOOKMARK [1][-]{section.8.18}{\376\377\0008\000.\0001\0008\000\040\000R\000\351\000f\000\351\000r\000e\000n\000c\000e\000\040\000d\000e\000\040\000l\000a\000\040\000c\000l\000a\000s\000s\000e\000\040\000t\000e\000s\000t\000.\000T\000e\000s\000t\000R\000u\000n\000n\000e\000r}{chapter.8}% 152
\BOOKMARK [2][-]{subsection.8.18.1}{\376\377\0008\000.\0001\0008\000.\0001\000\040\000D\000e\000s\000c\000r\000i\000p\000t\000i\000o\000n\000\040\000d\000\351\000t\000a\000i\000l\000l\000\351\000e}{section.8.18}% 153
\BOOKMARK [2][-]{subsection.8.18.2}{\376\377\0008\000.\0001\0008\000.\0002\000\040\000D\000o\000c\000u\000m\000e\000n\000t\000a\000t\000i\000o\000n\000\040\000d\000e\000s\000\040\000f\000o\000n\000c\000t\000i\000o\000n\000s\000\040\000m\000e\000m\000b\000r\000e\000s}{section.8.18}% 154
\BOOKMARK [3][-]{subsubsection.8.18.2.1}{\376\377\0008\000.\0001\0008\000.\0002\000.\0001\000\040\000m\000a\000i\000n\000\050\000\051}{subsection.8.18.2}% 155
\BOOKMARK [0][-]{chapter.9}{\376\377\0009\000\040\000D\000o\000c\000u\000m\000e\000n\000t\000a\000t\000i\000o\000n\000\040\000d\000e\000s\000\040\000f\000i\000c\000h\000i\000e\000r\000s}{}% 156
\BOOKMARK [1][-]{section.9.1}{\376\377\0009\000.\0001\000\040\000R\000\351\000f\000\351\000r\000e\000n\000c\000e\000\040\000d\000u\000\040\000f\000i\000c\000h\000i\000e\000r\000\040\000s\000r\000c\000/\000a\000p\000p\000l\000i\000c\000a\000t\000i\000o\000n\000/\000A\000d\000d\000P\000r\000o\000d\000u\000c\000t\000U\000s\000e\000C\000a\000s\000e\000.\000j\000a\000v\000a}{chapter.9}% 157
\BOOKMARK [1][-]{section.9.2}{\376\377\0009\000.\0002\000\040\000R\000\351\000f\000\351\000r\000e\000n\000c\000e\000\040\000d\000u\000\040\000f\000i\000c\000h\000i\000e\000r\000\040\000s\000r\000c\000/\000a\000p\000p\000l\000i\000c\000a\000t\000i\000o\000n\000/\000D\000e\000l\000e\000t\000e\000P\000r\000o\000d\000u\000c\000t\000U\000s\000e\000C\000a\000s\000e\000.\000j\000a\000v\000a}{chapter.9}% 158
\BOOKMARK [1][-]{section.9.3}{\376\377\0009\000.\0003\000\040\000R\000\351\000f\000\351\000r\000e\000n\000c\000e\000\040\000d\000u\000\040\000f\000i\000c\000h\000i\000e\000r\000\040\000s\000r\000c\000/\000a\000p\000p\000l\000i\000c\000a\000t\000i\000o\000n\000/\000p\000o\000r\000t\000s\000/\000P\000r\000o\000d\000u\000c\000t\000R\000e\000p\000o\000s\000i\000t\000o\000r\000y\000.\000j\000a\000v\000a}{chapter.9}% 159
\BOOKMARK [1][-]{section.9.4}{\376\377\0009\000.\0004\000\040\000R\000\351\000f\000\351\000r\000e\000n\000c\000e\000\040\000d\000u\000\040\000f\000i\000c\000h\000i\000e\000r\000\040\000s\000r\000c\000/\000a\000p\000p\000l\000i\000c\000a\000t\000i\000o\000n\000/\000S\000e\000a\000r\000c\000h\000P\000r\000o\000d\000u\000c\000t\000U\000s\000e\000C\000a\000s\000e\000.\000j\000a\000v\000a}{chapter.9}% 160
\BOOKMARK [1][-]{section.9.5}{\376\377\0009\000.\0005\000\040\000R\000\351\000f\000\351\000r\000e\000n\000c\000e\000\040\000d\000u\000\040\000f\000i\000c\000h\000i\000e\000r\000\040\000s\000r\000c\000/\000a\000p\000p\000l\000i\000c\000a\000t\000i\000o\000n\000/\000S\000e\000l\000l\000P\000r\000o\000d\000u\000c\000t\000U\000s\000e\000C\000a\000s\000e\000.\000j\000a\000v\000a}{chapter.9}% 161
\BOOKMARK [1][-]{section.9.6}{\376\377\0009\000.\0006\000\040\000R\000\351\000f\000\351\000r\000e\000n\000c\000e\000\040\000d\000u\000\040\000f\000i\000c\000h\000i\000e\000r\000\040\000s\000r\000c\000/\000a\000p\000p\000l\000i\000c\000a\000t\000i\000o\000n\000/\000S\000o\000r\000t\000P\000r\000o\000d\000u\000c\000t\000s\000U\000s\000e\000C\000a\000s\000e\000.\000j\000a\000v\000a}{chapter.9}% 162
\BOOKMARK [1][-]{section.9.7}{\376\377\0009\000.\0007\000\040\000R\000\351\000f\000\351\000r\000e\000n\000c\000e\000\040\000d\000u\000\040\000f\000i\000c\000h\000i\000e\000r\000\040\000s\000r\000c\000/\000d\000o\000m\000a\000i\000n\000/\000c\000a\000t\000a\000l\000o\000g\000/\000B\000r\000a\000n\000d\000.\000j\000a\000v\000a}{chapter.9}% 163
\BOOKMARK [1][-]{section.9.8}{\376\377\0009\000.\0008\000\040\000R\000\351\000f\000\351\000r\000e\000n\000c\000e\000\040\000d\000u\000\040\000f\000i\000c\000h\000i\000e\000r\000\040\000s\000r\000c\000/\000d\000o\000m\000a\000i\000n\000/\000c\000a\000t\000a\000l\000o\000g\000/\000C\000a\000t\000a\000l\000o\000g\000.\000j\000a\000v\000a}{chapter.9}% 164
\BOOKMARK [1][-]{section.9.9}{\376\377\0009\000.\0009\000\040\000R\000\351\000f\000\351\000r\000e\000n\000c\000e\000\040\000d\000u\000\040\000f\000i\000c\000h\000i\000e\000r\000\040\000s\000r\000c\000/\000d\000o\000m\000a\000i\000n\000/\000c\000a\000t\000a\000l\000o\000g\000/\000P\000r\000o\000d\000u\000c\000t\000L\000i\000n\000e\000.\000j\000a\000v\000a}{chapter.9}% 165
\BOOKMARK [1][-]{section.9.10}{\376\377\0009\000.\0001\0000\000\040\000R\000\351\000f\000\351\000r\000e\000n\000c\000e\000\040\000d\000u\000\040\000f\000i\000c\000h\000i\000e\000r\000\040\000s\000r\000c\000/\000d\000o\000m\000a\000i\000n\000/\000p\000r\000o\000d\000u\000c\000t\000/\000C\000o\000n\000t\000a\000i\000n\000e\000r\000P\000r\000o\000d\000u\000c\000t\000.\000j\000a\000v\000a}{chapter.9}% 166
\BOOKMARK [1][-]{section.9.11}{\376\377\0009\000.\0001\0001\000\040\000R\000\351\000f\000\351\000r\000e\000n\000c\000e\000\040\000d\000u\000\040\000f\000i\000c\000h\000i\000e\000r\000\040\000s\000r\000c\000/\000d\000o\000m\000a\000i\000n\000/\000p\000r\000o\000d\000u\000c\000t\000/\000P\000r\000o\000d\000u\000c\000t\000.\000j\000a\000v\000a}{chapter.9}% 167
\BOOKMARK [1][-]{section.9.12}{\376\377\0009\000.\0001\0002\000\040\000R\000\351\000f\000\351\000r\000e\000n\000c\000e\000\040\000d\000u\000\040\000f\000i\000c\000h\000i\000e\000r\000\040\000s\000r\000c\000/\000d\000o\000m\000a\000i\000n\000/\000p\000r\000o\000d\000u\000c\000t\000/\000S\000i\000m\000p\000l\000e\000P\000r\000o\000d\000u\000c\000t\000.\000j\000a\000v\000a}{chapter.9}% 168
\BOOKMARK [1][-]{section.9.13}{\376\377\0009\000.\0001\0003\000\040\000R\000\351\000f\000\351\000r\000e\000n\000c\000e\000\040\000d\000u\000\040\000f\000i\000c\000h\000i\000e\000r\000\040\000s\000r\000c\000/\000i\000n\000f\000r\000a\000s\000t\000r\000u\000c\000t\000u\000r\000e\000/\000I\000n\000M\000e\000m\000o\000r\000y\000P\000r\000o\000d\000u\000c\000t\000R\000e\000p\000o\000s\000i\000t\000o\000r\000y\000.\000j\000a\000v\000a}{chapter.9}% 169
\BOOKMARK [1][-]{section.9.14}{\376\377\0009\000.\0001\0004\000\040\000R\000\351\000f\000\351\000r\000e\000n\000c\000e\000\040\000d\000u\000\040\000f\000i\000c\000h\000i\000e\000r\000\040\000s\000r\000c\000/\000i\000n\000f\000r\000a\000s\000t\000r\000u\000c\000t\000u\000r\000e\000/\000P\000r\000o\000d\000u\000c\000t\000I\000d\000G\000e\000n\000e\000r\000a\000t\000o\000r\000.\000j\000a\000v\000a}{chapter.9}% 170
\BOOKMARK [1][-]{section.9.15}{\376\377\0009\000.\0001\0005\000\040\000R\000\351\000f\000\351\000r\000e\000n\000c\000e\000\040\000d\000u\000\040\000f\000i\000c\000h\000i\000e\000r\000\040\000s\000r\000c\000/\000M\000a\000i\000n\000.\000j\000a\000v\000a}{chapter.9}% 171
\BOOKMARK [1][-]{section.9.16}{\376\377\0009\000.\0001\0006\000\040\000R\000\351\000f\000\351\000r\000e\000n\000c\000e\000\040\000d\000u\000\040\000f\000i\000c\000h\000i\000e\000r\000\040\000s\000r\000c\000/\000p\000r\000e\000s\000e\000n\000t\000a\000t\000i\000o\000n\000/\000C\000o\000n\000s\000o\000l\000e\000I\000n\000t\000e\000r\000f\000a\000c\000e\000.\000j\000a\000v\000a}{chapter.9}% 172
\BOOKMARK [1][-]{section.9.17}{\376\377\0009\000.\0001\0007\000\040\000R\000\351\000f\000\351\000r\000e\000n\000c\000e\000\040\000d\000u\000\040\000f\000i\000c\000h\000i\000e\000r\000\040\000s\000r\000c\000/\000t\000e\000s\000t\000/\000T\000e\000s\000t\000R\000u\000n\000n\000e\000r\000.\000j\000a\000v\000a}{chapter.9}% 173
